# JRE version: Java(TM) SE Runtime Environment (8.0_171-b11) (build 1.8.0_171-b11)
# Java VM: Java HotSpot(TM) 64-Bit Server VM (25.171-b11 mixed mode windows-amd64 compressed oops)
Heap:
 PSYoungGen      total 76288K, used 66401K [0x000000076b400000, 0x0000000770900000, 0x00000007c0000000)
  eden space 65536K, 96% used [0x000000076b400000,0x000000076f1c69e8,0x000000076f400000)
  from space 10752K, 29% used [0x000000076f400000,0x000000076f711a20,0x000000076fe80000)
  to   space 10752K, 28% used [0x000000076fe80000,0x000000077017da30,0x0000000770900000)
 ParOldGen       total 2777088K, used 2696056K [0x00000006c1c00000, 0x000000076b400000, 0x000000076b400000)
  object space 2777088K, 97% used [0x00000006c1c00000,0x00000007664de1f0,0x000000076b400000)
 Metaspace       used 12955K, capacity 13198K, committed 13312K, reserved 1060864K
  class space    used 1684K, capacity 1771K, committed 1792K, reserved 1048576K
GC Heap History (3 events):
Event: 12.234 GC heap before
{Heap before GC invocations=1 (full 0):
 PSYoungGen      total 76288K, used 62437K [0x000000076b400000, 0x0000000770900000, 0x00000007c0000000)
  eden space 65536K, 95% used [0x000000076b400000,0x000000076f0f96e8,0x000000076f400000)
  from space 10752K, 0% used [0x000000076fe80000,0x000000076fe80000,0x0000000770900000)
  to   space 10752K, 0% used [0x000000076f400000,0x000000076f400000,0x000000076fe80000)
 ParOldGen       total 175104K, used 0K [0x00000006c1c00000, 0x00000006cc700000, 0x000000076b400000)
  object space 175104K, 0% used [0x00000006c1c00000,0x00000006c1c00000,0x00000006cc700000)
 Metaspace       used 12954K, capacity 13198K, committed 13312K, reserved 1060864K
  class space    used 1684K, capacity 1771K, committed 1792K, reserved 1048576K
Event: 12.270 GC heap after
Heap after GC invocations=1 (full 0):
 PSYoungGen      total 76288K, used 3142K [0x000000076b400000, 0x0000000770900000, 0x00000007c0000000)
  eden space 65536K, 0% used [0x000000076b400000,0x000000076b400000,0x000000076f400000)
  from space 10752K, 29% used [0x000000076f400000,0x000000076f711a20,0x000000076fe80000)
  to   space 10752K, 0% used [0x000000076fe80000,0x000000076fe80000,0x0000000770900000)
 ParOldGen       total 175104K, used 32065K [0x00000006c1c00000, 0x00000006cc700000, 0x000000076b400000)
  object space 175104K, 18% used [0x00000006c1c00000,0x00000006c3b50400,0x00000006cc700000)
 Metaspace       used 12954K, capacity 13198K, committed 13312K, reserved 1060864K
  class space    used 1684K, capacity 1771K, committed 1792K, reserved 1048576K
}
Event: 14.439 GC heap before
{Heap before GC invocations=2 (full 0):
 PSYoungGen      total 76288K, used 66401K [0x000000076b400000, 0x0000000770900000, 0x00000007c0000000)
  eden space 65536K, 96% used [0x000000076b400000,0x000000076f1c69e8,0x000000076f400000)
  from space 10752K, 29% used [0x000000076f400000,0x000000076f711a20,0x000000076fe80000)
  to   space 10752K, 0% used [0x000000076fe80000,0x000000076fe80000,0x0000000770900000)
 ParOldGen       total 2777088K, used 2696056K [0x00000006c1c00000, 0x000000076b400000, 0x000000076b400000)
  object space 2777088K, 97% used [0x00000006c1c00000,0x00000007664de1f0,0x000000076b400000)
 Metaspace       used 12955K, capacity 13198K, committed 13312K, reserved 1060864K
  class space    used 1684K, capacity 1771K, committed 1792K, reserved 1048576K

