# JRE version: Java(TM) SE Runtime Environment (8.0_171-b11) (build 1.8.0_171-b11)
# Java VM: Java HotSpot(TM) 64-Bit Server VM (25.171-b11 mixed mode windows-amd64 compressed oops)
Heap:
 PSYoungGen      total 76288K, used 65716K [0x000000076b400000, 0x0000000770900000, 0x00000007c0000000)
  eden space 65536K, 95% used [0x000000076b400000,0x000000076f11f730,0x000000076f400000)
  from space 10752K, 29% used [0x000000076f400000,0x000000076f70da30,0x000000076fe80000)
  to   space 10752K, 28% used [0x000000076fe80000,0x0000000770179a20,0x0000000770900000)
 ParOldGen       total 2777088K, used 2696056K [0x00000006c1c00000, 0x000000076b400000, 0x000000076b400000)
  object space 2777088K, 97% used [0x00000006c1c00000,0x00000007664de1f0,0x000000076b400000)
 Metaspace       used 12944K, capacity 13126K, committed 13312K, reserved 1060864K
  class space    used 1691K, capacity 1771K, committed 1792K, reserved 1048576K
GC Heap History (3 events):
Event: 56.114 GC heap before
{Heap before GC invocations=1 (full 0):
 PSYoungGen      total 76288K, used 62622K [0x000000076b400000, 0x0000000770900000, 0x00000007c0000000)
  eden space 65536K, 95% used [0x000000076b400000,0x000000076f127b80,0x000000076f400000)
  from space 10752K, 0% used [0x000000076fe80000,0x000000076fe80000,0x0000000770900000)
  to   space 10752K, 0% used [0x000000076f400000,0x000000076f400000,0x000000076fe80000)
 ParOldGen       total 175104K, used 0K [0x00000006c1c00000, 0x00000006cc700000, 0x000000076b400000)
  object space 175104K, 0% used [0x00000006c1c00000,0x00000006c1c00000,0x00000006cc700000)
 Metaspace       used 12944K, capacity 13126K, committed 13312K, reserved 1060864K
  class space    used 1691K, capacity 1771K, committed 1792K, reserved 1048576K
Event: 56.146 GC heap after
Heap after GC invocations=1 (full 0):
 PSYoungGen      total 76288K, used 3126K [0x000000076b400000, 0x0000000770900000, 0x00000007c0000000)
  eden space 65536K, 0% used [0x000000076b400000,0x000000076b400000,0x000000076f400000)
  from space 10752K, 29% used [0x000000076f400000,0x000000076f70da30,0x000000076fe80000)
  to   space 10752K, 0% used [0x000000076fe80000,0x000000076fe80000,0x0000000770900000)
 ParOldGen       total 175104K, used 32065K [0x00000006c1c00000, 0x00000006cc700000, 0x000000076b400000)
  object space 175104K, 18% used [0x00000006c1c00000,0x00000006c3b50400,0x00000006cc700000)
 Metaspace       used 12944K, capacity 13126K, committed 13312K, reserved 1060864K
  class space    used 1691K, capacity 1771K, committed 1792K, reserved 1048576K
}
Event: 65.153 GC heap before
{Heap before GC invocations=2 (full 0):
 PSYoungGen      total 76288K, used 65716K [0x000000076b400000, 0x0000000770900000, 0x00000007c0000000)
  eden space 65536K, 95% used [0x000000076b400000,0x000000076f11f730,0x000000076f400000)
  from space 10752K, 29% used [0x000000076f400000,0x000000076f70da30,0x000000076fe80000)
  to   space 10752K, 0% used [0x000000076fe80000,0x000000076fe80000,0x0000000770900000)
 ParOldGen       total 2777088K, used 2696056K [0x00000006c1c00000, 0x000000076b400000, 0x000000076b400000)
  object space 2777088K, 97% used [0x00000006c1c00000,0x00000007664de1f0,0x000000076b400000)
 Metaspace       used 12944K, capacity 13126K, committed 13312K, reserved 1060864K
  class space    used 1691K, capacity 1771K, committed 1792K, reserved 1048576K

